[20:27:10] [Render thread/INFO]: Environment: authHost='https://authserver.mojang.com', accountsHost='https://api.mojang.com', sessionHost='https://sessionserver.mojang.com', servicesHost='https://api.minecraftservices.com', name='PROD'
[20:27:11] [Render thread/ERROR]: Failed to verify authentication
com.mojang.authlib.exceptions.InvalidCredentialsException: Status: 401
	at com.mojang.authlib.exceptions.MinecraftClientHttpException.toAuthenticationException(MinecraftClientHttpException.java:56) ~[authlib-3.3.39.jar:?]
	at com.mojang.authlib.yggdrasil.YggdrasilUserApiService.fetchProperties(YggdrasilUserApiService.java:132) ~[authlib-3.3.39.jar:?]
	at com.mojang.authlib.yggdrasil.YggdrasilUserApiService.<init>(YggdrasilUserApiService.java:44) ~[authlib-3.3.39.jar:?]
	at com.mojang.authlib.yggdrasil.YggdrasilAuthenticationService.createUserApiService(YggdrasilAuthenticationService.java:153) ~[authlib-3.3.39.jar:?]
	at net.minecraft.client.MinecraftClient.createUserApiService(MinecraftClient.java:680) [minecraft-project-@-mapped.jar:?]
	at net.minecraft.client.MinecraftClient.<init>(MinecraftClient.java:424) [minecraft-project-@-mapped.jar:?]
	at net.minecraft.client.main.Main.main(Main.java:197) [minecraft-project-@-mapped.jar:?]
	at jdk.internal.reflect.NativeMethodAccessorImpl.invoke0(Native Method) ~[?:?]
	at jdk.internal.reflect.NativeMethodAccessorImpl.invoke(NativeMethodAccessorImpl.java:77) ~[?:?]
	at jdk.internal.reflect.DelegatingMethodAccessorImpl.invoke(DelegatingMethodAccessorImpl.java:43) ~[?:?]
	at java.lang.reflect.Method.invoke(Method.java:568) ~[?:?]
Caused by: com.mojang.authlib.exceptions.MinecraftClientHttpException: Status: 401
	at com.mojang.authlib.minecraft.client.MinecraftClient.readInputStream(MinecraftClient.java:78) ~[authlib-3.3.39.jar:?]
	at com.mojang.authlib.minecraft.client.MinecraftClient.get(MinecraftClient.java:48) ~[authlib-3.3.39.jar:?]
	at com.mojang.authlib.yggdrasil.YggdrasilUserApiService.fetchProperties(YggdrasilUserApiService.java:113) ~[authlib-3.3.39.jar:?]
	... 13 more
[20:27:11] [Render thread/INFO]: Setting user: Player648
[20:27:11] [Render thread/INFO]: Backend library: LWJGL version 3.2.2 build 10
[20:27:12] [Render thread/ERROR]: Couldn't set icon
	at net.minecraft.resource.ZipResourcePack.openFile(ZipResourcePack.java:46) ~[minecraft-project-@-mapped.jar:?]
	at net.minecraft.resource.AbstractFileResourcePack.open(AbstractFileResourcePack.java:37) ~[minecraft-project-@-mapped.jar:?]
	at net.minecraft.resource.DefaultResourcePack.findInputStream(DefaultResourcePack.java:625) ~[minecraft-project-@-mapped.jar:?]
	at net.minecraft.client.resource.DefaultClientResourcePack.findInputStream(DefaultClientResourcePack.java:36) ~[minecraft-project-@-mapped.jar:?]
	at net.minecraft.resource.DefaultResourcePack.open(DefaultResourcePack.java:116) ~[minecraft-project-@-mapped.jar:?]
	at net.minecraft.client.MinecraftClient.<init>(MinecraftClient.java:483) [minecraft-project-@-mapped.jar:?]
	at net.minecraft.client.main.Main.main(Main.java:197) [minecraft-project-@-mapped.jar:?]
	at jdk.internal.reflect.NativeMethodAccessorImpl.invoke0(Native Method) ~[?:?]
	at jdk.internal.reflect.NativeMethodAccessorImpl.invoke(NativeMethodAccessorImpl.java:77) ~[?:?]
	at jdk.internal.reflect.DelegatingMethodAccessorImpl.invoke(DelegatingMethodAccessorImpl.java:43) ~[?:?]
	at java.lang.reflect.Method.invoke(Method.java:568) ~[?:?]
[20:27:15] [Render thread/INFO]: Narrator library for x64 successfully loaded
[20:27:17] [Realms Notification Availability checker #1/INFO]: Could not authorize you against Realms server: Invalid session id
[20:27:18] [Render thread/INFO]: OpenAL initialized on device OpenAL Soft on Headphones (2- MOMENTUM 3)
[20:27:18] [Render thread/INFO]: Sound engine started
[20:27:18] [Render thread/INFO]: Created: 1024x1024x4 minecraft:textures/atlas/blocks.png-atlas
[20:27:19] [Render thread/INFO]: Created: 256x128x4 minecraft:textures/atlas/signs.png-atlas
[20:27:19] [Render thread/INFO]: Created: 1024x512x4 minecraft:textures/atlas/banner_patterns.png-atlas
[20:27:19] [Render thread/INFO]: Created: 1024x512x4 minecraft:textures/atlas/shield_patterns.png-atlas
[20:27:19] [Render thread/INFO]: Created: 256x256x4 minecraft:textures/atlas/chest.png-atlas
[20:27:19] [Render thread/INFO]: Created: 512x256x4 minecraft:textures/atlas/beds.png-atlas
[20:27:19] [Render thread/INFO]: Created: 512x256x4 minecraft:textures/atlas/shulker_boxes.png-atlas
[20:27:20] [Render thread/INFO]: Created: 256x256x0 minecraft:textures/atlas/particles.png-atlas
[20:27:20] [Render thread/INFO]: Created: 256x256x0 minecraft:textures/atlas/paintings.png-atlas
[20:27:20] [Render thread/INFO]: Created: 256x128x0 minecraft:textures/atlas/mob_effects.png-atlas
[20:27:26] [Render thread/INFO]: Stopping!
